[1/254] Processing OpenCL kernels (core)
[2/254] Building CXX object _deps/opencv-build/modules/core/CMakeFiles/opencv_core.dir/src/buffer_area.cpp.o
[3/254] Building CXX object _deps/opencv-build/modules/core/CMakeFiles/opencv_core.dir/src/hal_internal.cpp.o
[4/254] Building CXX object _deps/opencv-build/modules/core/CMakeFiles/opencv_core.dir/src/directx.cpp.o
[5/254] Building CXX object _deps/opencv-build/modules/core/CMakeFiles/opencv_core.dir/src/cuda_stream.cpp.o
[6/254] Building CXX object _deps/opencv-build/modules/core/CMakeFiles/opencv_core.dir/src/algorithm.cpp.o
[7/254] Building CXX object _deps/opencv-build/modules/core/CMakeFiles/opencv_core.dir/src/cuda_host_mem.cpp.o
[8/254] Building CXX object _deps/opencv-build/modules/core/CMakeFiles/opencv_core.dir/src/has_non_zero.dispatch.cpp.o
[9/254] Building CXX object _deps/opencv-build/modules/core/CMakeFiles/opencv_core.dir/src/convert_c.cpp.o
[10/254] Building CXX object _deps/opencv-build/modules/core/CMakeFiles/opencv_core.dir/src/cuda_gpu_mat.cpp.o
[11/254] Building CXX object _deps/opencv-build/modules/core/CMakeFiles/opencv_core.dir/src/conjugate_gradient.cpp.o
[12/254] Building CXX object _deps/opencv-build/modules/core/CMakeFiles/opencv_core.dir/src/cuda_info.cpp.o
[13/254] Building CXX object _deps/opencv-build/modules/core/CMakeFiles/opencv_core.dir/src/cuda_gpu_mat_nd.cpp.o
[14/254] Building CXX object _deps/opencv-build/modules/core/CMakeFiles/opencv_core.dir/src/gl_core_3_1.cpp.o
[15/254] Building CXX object _deps/opencv-build/modules/core/CMakeFiles/opencv_core.dir/src/alloc.cpp.o
[16/254] Building CXX object _deps/opencv-build/modules/core/CMakeFiles/opencv_core.dir/src/channels.cpp.o
[17/254] Building CXX object _deps/opencv-build/modules/core/CMakeFiles/opencv_core.dir/src/kmeans.cpp.o
[18/254] Building CXX object _deps/opencv-build/modules/core/CMakeFiles/opencv_core.dir/src/downhill_simplex.cpp.o
[19/254] Building CXX object _deps/opencv-build/modules/core/CMakeFiles/opencv_core.dir/src/glob.cpp.o
[20/254] Building CXX object _deps/opencv-build/modules/core/CMakeFiles/opencv_core.dir/src/bindings_utils.cpp.o
[21/254] Building CXX object _deps/opencv-build/modules/core/CMakeFiles/opencv_core.dir/src/batch_distance.cpp.o
[22/254] Building CXX object _deps/opencv-build/modules/core/CMakeFiles/opencv_core.dir/src/check.cpp.o
[23/254] Building CXX object _deps/opencv-build/modules/core/CMakeFiles/opencv_core.dir/src/count_non_zero.dispatch.cpp.o
[24/254] Building CXX object _deps/opencv-build/modules/core/CMakeFiles/opencv_core.dir/src/async.cpp.o
[25/254] Building CXX object _deps/opencv-build/modules/core/CMakeFiles/opencv_core.dir/src/copy.cpp.o
[26/254] Building CXX object _deps/opencv-build/modules/core/CMakeFiles/opencv_core.dir/src/lut.cpp.o
[27/254] Building CXX object _deps/opencv-build/modules/core/CMakeFiles/opencv_core.dir/src/logger.cpp.o
[28/254] Building CXX object _deps/opencv-build/modules/core/CMakeFiles/opencv_core.dir/src/convert_scale.dispatch.cpp.o
[29/254] Building CXX object _deps/opencv-build/modules/core/CMakeFiles/opencv_core.dir/src/datastructs.cpp.o
[30/254] Building CXX object _deps/opencv-build/modules/core/CMakeFiles/opencv_core.dir/src/array.cpp.o
[31/254] Building CXX object _deps/opencv-build/modules/core/CMakeFiles/opencv_core.dir/src/matrix_iterator.cpp.o
[32/254] Building CXX object _deps/opencv-build/modules/core/CMakeFiles/opencv_core.dir/src/matrix_c.cpp.o
[33/254] Building CXX object _deps/opencv-build/modules/core/CMakeFiles/opencv_core.dir/src/convert.dispatch.cpp.o
[34/254] Building CXX object _deps/opencv-build/modules/core/CMakeFiles/opencv_core.dir/src/lpsolver.cpp.o
[35/254] Building CXX object _deps/opencv-build/modules/core/CMakeFiles/opencv_core.dir/src/arithm.cpp.o
[36/254] Building CXX object _deps/opencv-build/modules/core/CMakeFiles/opencv_core.dir/src/mathfuncs_core.dispatch.cpp.o
[37/254] Building CXX object _deps/opencv-build/modules/core/CMakeFiles/opencv_core.dir/src/opencl/runtime/opencl_clblas.cpp.o
[38/254] Building CXX object CMakeFiles/light_ocr_clipper.dir/_deps/clipper-src/src/clipper.cpp.o
[39/254] Building CXX object _deps/opencv-build/modules/core/CMakeFiles/opencv_core.dir/src/merge.dispatch.cpp.o
[40/254] Building CXX object _deps/opencv-build/modules/core/CMakeFiles/opencv_core.dir/src/opencl/runtime/opencl_core.cpp.o
[41/254] Building CXX object _deps/opencv-build/modules/core/CMakeFiles/opencv_core.dir/src/ocl.cpp.o
[42/254] Building CXX object _deps/opencv-build/modules/core/CMakeFiles/opencv_core.dir/src/mean.dispatch.cpp.o
[43/254] Building CXX object _deps/opencv-build/modules/core/CMakeFiles/opencv_core.dir/src/opencl/runtime/opencl_clfft.cpp.o
[44/254] Building CXX object _deps/opencv-build/modules/core/CMakeFiles/opencv_core.dir/src/matrix.cpp.o
[45/254] Building CXX object _deps/opencv-build/modules/core/CMakeFiles/opencv_core.dir/src/lda.cpp.o
[46/254] Building CXX object _deps/opencv-build/modules/core/CMakeFiles/opencv_core.dir/src/command_line_parser.cpp.o
[47/254] Building CXX object _deps/opencv-build/modules/core/CMakeFiles/opencv_core.dir/src/lapack.cpp.o
[48/254] Building CXX object _deps/opencv-build/modules/core/CMakeFiles/opencv_core.dir/src/ovx.cpp.o
[49/254] Building CXX object _deps/opencv-build/modules/core/CMakeFiles/opencv_core.dir/src/parallel/parallel_tbb.cpp.o
[50/254] Building CXX object _deps/opencv-build/modules/core/CMakeFiles/opencv_core.dir/src/opengl.cpp.o
[51/254] Building CXX object _deps/opencv-build/modules/core/CMakeFiles/opencv_core.dir/src/matrix_decomp.cpp.o
[52/254] Building CXX object _deps/opencv-build/modules/core/CMakeFiles/opencv_core.dir/src/parallel/parallel_openmp.cpp.o
[53/254] Building CXX object _deps/opencv-build/modules/core/CMakeFiles/opencv_core.dir/src/parallel_impl.cpp.o
[54/254] Building CXX object _deps/opencv-build/modules/core/CMakeFiles/opencv_core.dir/src/mathfuncs.cpp.o
[55/254] Building CXX object _deps/opencv-build/modules/core/CMakeFiles/opencv_core.dir/src/out.cpp.o
[56/254] Building CXX object _deps/opencv-build/modules/core/CMakeFiles/opencv_core.dir/src/matrix_expressions.cpp.o
[57/254] Building CXX object _deps/opencv-build/modules/core/CMakeFiles/opencv_core.dir/src/minmax.cpp.o
[58/254] Building CXX object _deps/opencv-build/modules/core/CMakeFiles/opencv_core.dir/src/parallel.cpp.o
[59/254] Building CXX object _deps/opencv-build/modules/core/CMakeFiles/opencv_core.dir/src/matrix_transform.cpp.o
[60/254] Building CXX object _deps/opencv-build/modules/core/CMakeFiles/opencv_core.dir/src/pca.cpp.o
[61/254] Building CXX object _deps/opencv-build/modules/core/CMakeFiles/opencv_core.dir/src/norm.cpp.o
[62/254] Building CXX object _deps/opencv-build/modules/core/CMakeFiles/opencv_core.dir/src/matrix_sparse.cpp.o
[63/254] Building CXX object _deps/opencv-build/modules/core/CMakeFiles/opencv_core.dir/src/persistence_base64_encoding.cpp.o
[64/254] Building CXX object _deps/opencv-build/modules/core/CMakeFiles/opencv_core.dir/src/stat.dispatch.cpp.o
[65/254] Building CXX object _deps/opencv-build/modules/core/CMakeFiles/opencv_core.dir/src/stl.cpp.o
[66/254] Building CXX object _deps/opencv-build/modules/core/CMakeFiles/opencv_core.dir/src/stat_c.cpp.o
[67/254] Building CXX object _deps/opencv-build/modules/core/CMakeFiles/opencv_core.dir/src/persistence_json.cpp.o
[68/254] Building CXX object _deps/opencv-build/modules/core/CMakeFiles/opencv_core.dir/src/split.dispatch.cpp.o
[69/254] Building CXX object _deps/opencv-build/modules/core/CMakeFiles/opencv_core.dir/src/persistence_yml.cpp.o
[70/254] Building CXX object _deps/opencv-build/modules/core/CMakeFiles/opencv_core.dir/src/persistence_types.cpp.o
[71/254] Building CXX object _deps/opencv-build/modules/core/CMakeFiles/opencv_core.dir/src/dxt.cpp.o
[72/254] Building CXX object _deps/opencv-build/modules/core/CMakeFiles/opencv_core.dir/src/trace.cpp.o
[73/254] Building CXX object _deps/opencv-build/modules/core/CMakeFiles/opencv_core.dir/opencl_kernels_core.cpp.o
[74/254] Building CXX object _deps/opencv-build/modules/core/CMakeFiles/opencv_core.dir/src/types.cpp.o
[75/254] Building CXX object _deps/opencv-build/modules/core/CMakeFiles/opencv_core.dir/src/persistence_xml.cpp.o
[76/254] Building CXX object _deps/opencv-build/modules/core/CMakeFiles/opencv_core.dir/src/tables.cpp.o
[77/254] Building CXX object _deps/opencv-build/modules/core/CMakeFiles/opencv_core.dir/src/va_intel.cpp.o
[78/254] Linking CXX static library liblight_ocr_clipper.a
[79/254] Building CXX object _deps/opencv-build/modules/core/CMakeFiles/opencv_core.dir/src/matrix_wrap.cpp.o
[80/254] Building CXX object _deps/opencv-build/modules/core/CMakeFiles/opencv_core.dir/src/utils/samples.cpp.o
[81/254] Building CXX object _deps/opencv-build/modules/core/CMakeFiles/opencv_core.dir/src/sum.dispatch.cpp.o
[82/254] Building CXX object _deps/opencv-build/modules/core/CMakeFiles/opencv_core.dir/src/utils/logtagconfigparser.cpp.o
[83/254] Building CXX object _deps/opencv-build/modules/core/CMakeFiles/opencv_core.dir/src/parallel/parallel.cpp.o
[84/254] Building CXX object _deps/opencv-build/modules/core/CMakeFiles/opencv_core.dir/stat.sse4_2.cpp.o
[85/254] Building CXX object _deps/opencv-build/modules/core/CMakeFiles/opencv_core.dir/src/rand.cpp.o
[86/254] Building CXX object _deps/opencv-build/modules/core/CMakeFiles/opencv_core.dir/src/umatrix.cpp.o
[87/254] Building CXX object _deps/opencv-build/modules/core/CMakeFiles/opencv_core.dir/src/utils/datafile.cpp.o
[88/254] Building CXX object _deps/opencv-build/modules/core/CMakeFiles/opencv_core.dir/src/utils/filesystem.cpp.o
[89/254] Building CXX object _deps/opencv-build/modules/core/CMakeFiles/opencv_core.dir/src/utils/logtagmanager.cpp.o
[90/254] Building CXX object _deps/opencv-build/modules/core/CMakeFiles/opencv_core.dir/src/softfloat.cpp.o
[91/254] Building CXX object _deps/opencv-build/modules/core/CMakeFiles/opencv_core.dir/src/system.cpp.o
[92/254] Building CXX object _deps/opencv-build/modules/core/CMakeFiles/opencv_core.dir/src/persistence.cpp.o
[93/254] Building CXX object _deps/opencv-build/modules/core/CMakeFiles/opencv_core.dir/has_non_zero.avx2.cpp.o
[94/254] Building CXX object _deps/opencv-build/modules/core/CMakeFiles/opencv_core.dir/mathfuncs_core.avx.cpp.o
[95/254] Building CXX object _deps/opencv-build/modules/core/CMakeFiles/opencv_core.dir/stat.avx2.cpp.o
[96/254] Building CXX object _deps/opencv-build/modules/core/CMakeFiles/opencv_core.dir/mathfuncs_core.avx2.cpp.o
[97/254] Building CXX object _deps/opencv-build/modules/core/CMakeFiles/opencv_core.dir/split.avx2.cpp.o
[98/254] Building CXX object _deps/opencv-build/modules/core/CMakeFiles/opencv_core.dir/count_non_zero.avx2.cpp.o
[99/254] Building CXX object _deps/opencv-build/modules/core/CMakeFiles/opencv_core.dir/mean.avx2.cpp.o
[100/254] Building CXX object _deps/opencv-build/modules/core/CMakeFiles/opencv_core.dir/merge.avx2.cpp.o
[101/254] Building CXX object _deps/opencv-build/modules/core/CMakeFiles/opencv_core.dir/sum.avx2.cpp.o
[102/254] Building CXX object _deps/opencv-build/modules/core/CMakeFiles/opencv_core.dir/src/arithm.dispatch.cpp.o
[103/254] Building CXX object _deps/opencv-build/modules/core/CMakeFiles/opencv_core.dir/convert_scale.avx2.cpp.o
[104/254] Building CXX object _deps/opencv-build/modules/core/CMakeFiles/opencv_core.dir/convert.avx2.cpp.o
[105/254] Building CXX object _deps/opencv-build/modules/core/CMakeFiles/opencv_core.dir/src/matrix_operations.cpp.o
[106/254] Building CXX object _deps/opencv-build/modules/core/CMakeFiles/opencv_core.dir/matmul.sse4_1.cpp.o
[107/254] Building CXX object _deps/opencv-build/modules/core/CMakeFiles/opencv_core.dir/src/matmul.dispatch.cpp.o
[108/254] Building CXX object _deps/opencv-build/modules/core/CMakeFiles/opencv_core.dir/arithm.sse4_1.cpp.o
[109/254] Building CXX object _deps/opencv-build/modules/core/CMakeFiles/opencv_core.dir/matmul.avx2.cpp.o
[110/254] Building CXX object _deps/opencv-build/modules/core/CMakeFiles/opencv_core.dir/matmul.avx512_skx.cpp.o
[111/254] Building CXX object _deps/opencv-build/modules/core/CMakeFiles/opencv_core.dir/arithm.avx2.cpp.o
[112/254] Linking CXX static library _deps/opencv-build/lib/libopencv_core.a
[113/254] Processing OpenCL kernels (imgproc)
[114/254] Building CXX object _deps/opencv-build/modules/imgproc/CMakeFiles/opencv_imgproc.dir/src/gabor.cpp.o
[115/254] Building CXX object _deps/opencv-build/modules/imgproc/CMakeFiles/opencv_imgproc.dir/src/color.cpp.o
[116/254] Building CXX object _deps/opencv-build/modules/imgproc/CMakeFiles/opencv_imgproc.dir/src/accum.cpp.o
[117/254] Building CXX object _deps/opencv-build/modules/imgproc/CMakeFiles/opencv_imgproc.dir/src/deriv.cpp.o
[118/254] Building CXX object _deps/opencv-build/modules/imgproc/CMakeFiles/opencv_imgproc.dir/src/contours_approx.cpp.o
[119/254] Building CXX object _deps/opencv-build/modules/imgproc/CMakeFiles/opencv_imgproc.dir/src/featureselect.cpp.o
[120/254] Building CXX object _deps/opencv-build/modules/imgproc/CMakeFiles/opencv_imgproc.dir/src/corner.cpp.o
[121/254] Building CXX object _deps/opencv-build/modules/imgproc/CMakeFiles/opencv_imgproc.dir/src/clahe.cpp.o
[122/254] Building CXX object _deps/opencv-build/modules/imgproc/CMakeFiles/opencv_imgproc.dir/src/approx.cpp.o
[123/254] Building CXX object _deps/opencv-build/modules/imgproc/CMakeFiles/opencv_imgproc.dir/src/distransform.cpp.o
[124/254] Building CXX object _deps/opencv-build/modules/imgproc/CMakeFiles/opencv_imgproc.dir/src/contours_link.cpp.o
[125/254] Building CXX object _deps/opencv-build/modules/imgproc/CMakeFiles/opencv_imgproc.dir/src/contours_common.cpp.o
[126/254] Building CXX object _deps/opencv-build/modules/imgproc/CMakeFiles/opencv_imgproc.dir/src/convhull.cpp.o
[127/254] Building CXX object _deps/opencv-build/modules/imgproc/CMakeFiles/opencv_imgproc.dir/src/emd.cpp.o
[128/254] Building CXX object _deps/opencv-build/modules/imgproc/CMakeFiles/opencv_imgproc.dir/src/blend.cpp.o
[129/254] Building CXX object _deps/opencv-build/modules/imgproc/CMakeFiles/opencv_imgproc.dir/src/cornersubpix.cpp.o
[130/254] Building CXX object _deps/opencv-build/modules/imgproc/CMakeFiles/opencv_imgproc.dir/src/contours_new.cpp.o
[131/254] Building CXX object _deps/opencv-build/modules/imgproc/CMakeFiles/opencv_imgproc.dir/src/contours.cpp.o
[132/254] Building CXX object _deps/opencv-build/modules/imgproc/CMakeFiles/opencv_imgproc.dir/src/canny.cpp.o
[133/254] Building CXX object _deps/opencv-build/modules/imgproc/CMakeFiles/opencv_imgproc.dir/src/colormap.cpp.o
[134/254] Building CXX object _deps/opencv-build/modules/imgproc/CMakeFiles/opencv_imgproc.dir/src/bilateral_filter.dispatch.cpp.o
[135/254] Building CXX object _deps/opencv-build/modules/imgproc/CMakeFiles/opencv_imgproc.dir/src/emd_new.cpp.o
[136/254] Building CXX object _deps/opencv-build/modules/imgproc/CMakeFiles/opencv_imgproc.dir/src/hershey_fonts.cpp.o
[137/254] Building CXX object _deps/opencv-build/modules/imgproc/CMakeFiles/opencv_imgproc.dir/src/generalized_hough.cpp.o
[138/254] Building CXX object _deps/opencv-build/modules/imgproc/CMakeFiles/opencv_imgproc.dir/src/color_hsv.dispatch.cpp.o
[139/254] Building CXX object _deps/opencv-build/modules/imgproc/CMakeFiles/opencv_imgproc.dir/src/main.cpp.o
[140/254] Building CXX object _deps/opencv-build/modules/imgproc/CMakeFiles/opencv_imgproc.dir/src/matchcontours.cpp.o
[141/254] Building CXX object _deps/opencv-build/modules/imgproc/CMakeFiles/opencv_imgproc.dir/src/color_rgb.dispatch.cpp.o
[142/254] Building CXX object _deps/opencv-build/modules/imgproc/CMakeFiles/opencv_imgproc.dir/src/intersection.cpp.o
[143/254] Building CXX object _deps/opencv-build/modules/imgproc/CMakeFiles/opencv_imgproc.dir/src/min_enclosing_triangle.cpp.o
[144/254] Building CXX object _deps/opencv-build/modules/imgproc/CMakeFiles/opencv_imgproc.dir/src/geometry.cpp.o
[145/254] Building CXX object _deps/opencv-build/modules/imgproc/CMakeFiles/opencv_imgproc.dir/src/linefit.cpp.o
[146/254] Building CXX object _deps/opencv-build/modules/imgproc/CMakeFiles/opencv_imgproc.dir/src/intelligent_scissors.cpp.o
[147/254] Building CXX object _deps/opencv-build/modules/imgproc/CMakeFiles/opencv_imgproc.dir/src/demosaicing.cpp.o
[148/254] Building CXX object _deps/opencv-build/modules/imgproc/CMakeFiles/opencv_imgproc.dir/src/grabcut.cpp.o
[149/254] Building CXX object _deps/opencv-build/modules/imgproc/CMakeFiles/opencv_imgproc.dir/src/rotcalipers.cpp.o
[150/254] Building CXX object _deps/opencv-build/modules/imgproc/CMakeFiles/opencv_imgproc.dir/src/moments.cpp.o
[151/254] Building CXX object _deps/opencv-build/modules/imgproc/CMakeFiles/opencv_imgproc.dir/src/drawing.cpp.o
[152/254] Building CXX object _deps/opencv-build/modules/imgproc/CMakeFiles/opencv_imgproc.dir/src/floodfill.cpp.o
[153/254] Building CXX object _deps/opencv-build/modules/imgproc/CMakeFiles/opencv_imgproc.dir/src/phasecorr.cpp.o
[154/254] Building CXX object _deps/opencv-build/modules/imgproc/CMakeFiles/opencv_imgproc.dir/src/lsd.cpp.o
[155/254] Building CXX object _deps/opencv-build/modules/imgproc/CMakeFiles/opencv_imgproc.dir/src/spatialgradient.cpp.o
[156/254] Building CXX object _deps/opencv-build/modules/imgproc/CMakeFiles/opencv_imgproc.dir/src/accum.dispatch.cpp.o
[157/254] Building CXX object _deps/opencv-build/modules/imgproc/CMakeFiles/opencv_imgproc.dir/src/tables.cpp.o
[158/254] Building CXX object _deps/opencv-build/modules/imgproc/CMakeFiles/opencv_imgproc.dir/src/segmentation.cpp.o
[159/254] Building CXX object _deps/opencv-build/modules/imgproc/CMakeFiles/opencv_imgproc.dir/src/utils.cpp.o
[160/254] Building CXX object _deps/opencv-build/modules/imgproc/CMakeFiles/opencv_imgproc.dir/opencl_kernels_imgproc.cpp.o
[161/254] Building CXX object _deps/opencv-build/modules/imgproc/CMakeFiles/opencv_imgproc.dir/src/shapedescr.cpp.o
[162/254] Building CXX object _deps/opencv-build/modules/imgproc/CMakeFiles/opencv_imgproc.dir/src/box_filter.dispatch.cpp.o
[163/254] Building CXX object _deps/opencv-build/modules/imgproc/CMakeFiles/opencv_imgproc.dir/src/samplers.cpp.o
[164/254] Building CXX object _deps/opencv-build/modules/imgproc/CMakeFiles/opencv_imgproc.dir/src/resize.sse4_1.cpp.o
[165/254] Building CXX object _deps/opencv-build/modules/imgproc/CMakeFiles/opencv_imgproc.dir/src/templmatch.cpp.o
[166/254] Building CXX object _deps/opencv-build/modules/imgproc/CMakeFiles/opencv_imgproc.dir/src/subdivision2d.cpp.o
[167/254] Building CXX object _deps/opencv-build/modules/imgproc/CMakeFiles/opencv_imgproc.dir/src/imgwarp.sse4_1.cpp.o
[168/254] Building CXX object _deps/opencv-build/modules/imgproc/CMakeFiles/opencv_imgproc.dir/src/color_lab.cpp.o
[169/254] Building CXX object _deps/opencv-build/modules/imgproc/CMakeFiles/opencv_imgproc.dir/src/histogram.cpp.o
[170/254] Building CXX object _deps/opencv-build/modules/imgproc/CMakeFiles/opencv_imgproc.dir/src/median_blur.dispatch.cpp.o
[171/254] Building CXX object _deps/opencv-build/modules/imgproc/CMakeFiles/opencv_imgproc.dir/src/color_yuv.dispatch.cpp.o
[172/254] Building CXX object _deps/opencv-build/modules/imgproc/CMakeFiles/opencv_imgproc.dir/src/thresh.cpp.o
[173/254] Building CXX object _deps/opencv-build/modules/imgproc/CMakeFiles/opencv_imgproc.dir/src/sumpixels.dispatch.cpp.o
[174/254] Building CXX object _deps/opencv-build/modules/imgproc/CMakeFiles/opencv_imgproc.dir/src/hough.cpp.o
[175/254] Building CXX object _deps/opencv-build/modules/imgproc/CMakeFiles/opencv_imgproc.dir/src/stackblur.cpp.o
[176/254] Building CXX object _deps/opencv-build/modules/imgproc/CMakeFiles/opencv_imgproc.dir/src/resize.avx2.cpp.o
[177/254] Building CXX object _deps/opencv-build/modules/imgproc/CMakeFiles/opencv_imgproc.dir/color_hsv.sse4_1.cpp.o
[178/254] Building CXX object _deps/opencv-build/modules/imgproc/CMakeFiles/opencv_imgproc.dir/src/corner.avx.cpp.o
[179/254] Building CXX object _deps/opencv-build/modules/imgproc/CMakeFiles/opencv_imgproc.dir/src/imgwarp.avx2.cpp.o
[180/254] Building CXX object _deps/opencv-build/modules/imgproc/CMakeFiles/opencv_imgproc.dir/color_rgb.sse4_1.cpp.o
[181/254] Building CXX object _deps/opencv-build/modules/imgproc/CMakeFiles/opencv_imgproc.dir/src/pyramids.cpp.o
[182/254] Building CXX object _deps/opencv-build/modules/imgproc/CMakeFiles/opencv_imgproc.dir/accum.sse4_1.cpp.o
[183/254] Building CXX object _deps/opencv-build/modules/imgproc/CMakeFiles/opencv_imgproc.dir/median_blur.sse4_1.cpp.o
[184/254] Building CXX object _deps/opencv-build/modules/imgproc/CMakeFiles/opencv_imgproc.dir/bilateral_filter.avx2.cpp.o
[185/254] Building CXX object _deps/opencv-build/modules/imgproc/CMakeFiles/opencv_imgproc.dir/src/morph.dispatch.cpp.o
[186/254] Building CXX object _deps/opencv-build/modules/imgproc/CMakeFiles/opencv_imgproc.dir/color_hsv.avx2.cpp.o
[187/254] Building CXX object _deps/opencv-build/modules/imgproc/CMakeFiles/opencv_imgproc.dir/color_rgb.avx2.cpp.o
[188/254] Building CXX object _deps/opencv-build/modules/imgproc/CMakeFiles/opencv_imgproc.dir/box_filter.sse4_1.cpp.o
[189/254] Building CXX object CMakeFiles/light_ocr_core.dir/src/util/sha256.cpp.o
[190/254] Building CXX object _deps/opencv-build/modules/imgproc/CMakeFiles/opencv_imgproc.dir/color_yuv.sse4_1.cpp.o
[191/254] Building CXX object CMakeFiles/light_ocr_core.dir/src/detection/tiled.cpp.o
[192/254] Building CXX object CMakeFiles/light_ocr_core.dir/src/recognition/ctc_decode.cpp.o
[193/254] Building CXX object _deps/opencv-build/modules/imgproc/CMakeFiles/opencv_imgproc.dir/sumpixels.avx2.cpp.o
[194/254] Building CXX object CMakeFiles/light_ocr_core.dir/src/detection/db_postprocess.cpp.o
[195/254] Building CXX object CMakeFiles/light_ocr_core.dir/src/result/result.cpp.o
[196/254] Building CXX object _deps/opencv-build/modules/imgproc/CMakeFiles/opencv_imgproc.dir/accum.avx.cpp.o
[197/254] Building CXX object CMakeFiles/light_ocr_core.dir/src/geometry/geometry.cpp.o
[198/254] Building CXX object CMakeFiles/light_ocr_core.dir/src/preprocess/image.cpp.o
[199/254] Building CXX object _deps/opencv-build/modules/imgproc/CMakeFiles/opencv_imgproc.dir/sumpixels.avx512_skx.cpp.o
[200/254] Building CXX object CMakeFiles/light_ocr_unit_tests.dir/tests/unit/main.cpp.o
[201/254] Building CXX object CMakeFiles/light_ocr_unit_tests.dir/tests/unit/test_checked_math.cpp.o
[202/254] Building CXX object CMakeFiles/light_ocr_benchmark.dir/tools/common/bundle_files.cpp.o
[203/254] Building CXX object CMakeFiles/light_ocr_memory_gate.dir/tools/common/bundle_files.cpp.o
[204/254] Building CXX object CMakeFiles/light_ocr_validate.dir/tools/common/bundle_files.cpp.o
[205/254] Building CXX object CMakeFiles/light_ocr_leak_check.dir/tools/common/bundle_files.cpp.o
[206/254] Building CXX object _deps/opencv-build/modules/imgproc/CMakeFiles/opencv_imgproc.dir/accum.avx2.cpp.o
[207/254] Building CXX object _deps/opencv-build/modules/imgproc/CMakeFiles/opencv_imgproc.dir/morph.sse4_1.cpp.o
[208/254] Building CXX object CMakeFiles/light_ocr_unit_tests.dir/tests/unit/test_ctc.cpp.o
[209/254] Building CXX object _deps/opencv-build/modules/imgproc/CMakeFiles/opencv_imgproc.dir/src/filter.dispatch.cpp.o
[210/254] Building CXX object CMakeFiles/light_ocr_core.dir/src/preprocess/tensor.cpp.o
[211/254] Building CXX object _deps/opencv-build/modules/imgproc/CMakeFiles/opencv_imgproc.dir/median_blur.avx2.cpp.o
[212/254] Building CXX object CMakeFiles/light_ocr_core.dir/src/inference/onnxruntime/backend.cpp.o
[213/254] Building CXX object CMakeFiles/light_ocr_unit_tests.dir/tests/unit/test_detection.cpp.o
[214/254] Building CXX object CMakeFiles/light_ocr_stage_probe.dir/tools/common/bundle_files.cpp.o
[215/254] Building CXX object _deps/opencv-build/modules/imgproc/CMakeFiles/opencv_imgproc.dir/src/smooth.dispatch.cpp.o
[216/254] Building CXX object _deps/opencv-build/modules/imgproc/CMakeFiles/opencv_imgproc.dir/smooth.sse4_1.cpp.o
[217/254] Building CXX object CMakeFiles/light_ocr_unit_tests.dir/tests/unit/test_sha256.cpp.o
[218/254] Building CXX object _deps/opencv-build/modules/imgproc/CMakeFiles/opencv_imgproc.dir/box_filter.avx2.cpp.o
[219/254] Building CXX object CMakeFiles/light_ocr_unit_tests.dir/tests/unit/test_geometry.cpp.o
[220/254] Building CXX object CMakeFiles/light_ocr_unit_tests.dir/tests/unit/test_result.cpp.o
[221/254] Building CXX object _deps/opencv-build/modules/imgproc/CMakeFiles/opencv_imgproc.dir/color_yuv.avx2.cpp.o
[222/254] Building CXX object CMakeFiles/light_ocr_unit_tests.dir/tests/unit/test_tiled.cpp.o
[223/254] Building CXX object CMakeFiles/light_ocr_core.dir/src/core/engine.cpp.o
[224/254] Building CXX object CMakeFiles/light_ocr_integration_tests.dir/tools/common/bundle_files.cpp.o
[225/254] Building CXX object _deps/opencv-build/modules/imgproc/CMakeFiles/opencv_imgproc.dir/src/resize.cpp.o
[226/254] Building CXX object _deps/opencv-build/modules/imgproc/CMakeFiles/opencv_imgproc.dir/morph.avx2.cpp.o
[227/254] Building CXX object _deps/opencv-build/modules/imgproc/CMakeFiles/opencv_imgproc.dir/src/imgwarp.cpp.o
[228/254] Building CXX object bindings/node/CMakeFiles/light_ocr_node.dir/src/bundle_loader.cpp.o
[229/254] Building CXX object CMakeFiles/light_ocr_unit_tests.dir/tests/unit/test_image.cpp.o
[230/254] Building CXX object CMakeFiles/light_ocr_unit_tests.dir/tests/unit/test_selection.cpp.o
[231/254] Building CXX object _deps/opencv-build/modules/imgproc/CMakeFiles/opencv_imgproc.dir/filter.sse4_1.cpp.o
[232/254] Building CXX object CMakeFiles/light_ocr_validate.dir/tools/validate/main.cpp.o
[233/254] Building CXX object CMakeFiles/light_ocr_leak_check.dir/tools/leak_check/main.cpp.o
[234/254] Building CXX object bindings/node/CMakeFiles/light_ocr_node.dir/src/encoded_image.cpp.o
[235/254] Building CXX object CMakeFiles/light_ocr_integration_tests.dir/tests/integration/main.cpp.o
[236/254] Building CXX object CMakeFiles/light_ocr_memory_gate.dir/tools/memory_gate/main.cpp.o
[237/254] Building CXX object CMakeFiles/light_ocr_core.dir/src/model/model_bundle.cpp.o
[238/254] Building CXX object _deps/opencv-build/modules/imgproc/CMakeFiles/opencv_imgproc.dir/filter.avx2.cpp.o
[239/254] Building CXX object CMakeFiles/light_ocr_benchmark.dir/tools/benchmark/main.cpp.o
[240/254] Building CXX object bindings/node/CMakeFiles/light_ocr_node.dir/src/addon.cpp.o
[241/254] Building CXX object _deps/opencv-build/modules/imgproc/CMakeFiles/opencv_imgproc.dir/smooth.avx2.cpp.o
[242/254] Building CXX object CMakeFiles/light_ocr_stage_probe.dir/tools/stage_probe/main.cpp.o
[243/254] Building CXX object _deps/opencv-build/modules/imgproc/CMakeFiles/opencv_imgproc.dir/src/connectedcomponents.cpp.o
[244/254] Linking CXX static library _deps/opencv-build/lib/libopencv_imgproc.a
[245/254] Linking CXX static library liblight_ocr_core.a
[246/254] Linking CXX executable bin/light_ocr_benchmark
[247/254] Linking CXX executable bin/light_ocr_leak_check
[248/254] Linking CXX executable bin/light_ocr_memory_gate
[249/254] Building CXX object CMakeFiles/light_ocr_unit_tests.dir/tests/unit/test_model_bundle.cpp.o
[250/254] Linking CXX executable bin/light_ocr_stage_probe
[251/254] Linking CXX executable bin/light_ocr_integration_tests
[252/254] Linking CXX executable bin/light_ocr_validate
[253/254] Linking CXX shared module bin/light_ocr_node.node
[254/254] Linking CXX executable bin/light_ocr_unit_tests
